<?xml version="1.0" encoding="UTF-8"?>
<testsuite xmlns:xsi="http://www.w3.org/2001/XMLSchema-instance" xsi:noNamespaceSchemaLocation="https://maven.apache.org/surefire/maven-surefire-plugin/xsd/surefire-test-report-3.0.xsd" version="3.0" name="com.groq.sdk.models.chat.ChatNamedToolChoiceTest" time="0.007" tests="7" errors="0" skipped="0" failures="0">
  <properties>
[...]
</properties>
  <testcase name="testSerialization" classname="com.groq.sdk.models.chat.ChatNamedToolChoiceTest" time="0.001"/>
  <testcase name="testSettersAndGetters" classname="com.groq.sdk.models.chat.ChatNamedToolChoiceTest" time="0.0"/>
  <testcase name="testNamedToolFunction" classname="com.groq.sdk.models.chat.ChatNamedToolChoiceTest" time="0.001"/>
  <testcase name="testDifferentFunctionNames" classname="com.groq.sdk.models.chat.ChatNamedToolChoiceTest" time="0.0"/>
  <testcase name="testConstructorWithFunctionName" classname="com.groq.sdk.models.chat.ChatNamedToolChoiceTest" time="0.0"/>
  <testcase name="testNamedToolFunctionConstructor" classname="com.groq.sdk.models.chat.ChatNamedToolChoiceTest" time="0.001"/>
  <testcase name="testDeserialization" classname="com.groq.sdk.models.chat.ChatNamedToolChoiceTest" time="0.001"/>
</testsuite>